<?xml version="1.0" encoding="UTF-8"?>
<testsuite xmlns:xsi="http://www.w3.org/2001/XMLSchema-instance" xsi:noNamespaceSchemaLocation="https://maven.apache.org/surefire/maven-surefire-plugin/xsd/surefire-test-report.xsd" name="uk.ac.ed.inf.FlightPathTest" time="0" tests="2" errors="2" skipped="0" failures="0">
  <properties>
    <property name="java.specification.version" value="18"/>
    <property name="sun.jnu.encoding" value="UTF-8"/>
    <property name="java.class.path" value="/Users/MachineVonDavid/Desktop/ILP/CW1/ilp/target/test-classes:/Users/MachineVonDavid/Desktop/ILP/CW1/ilp/target/classes:/Users/MachineVonDavid/.m2/repository/junit/junit/4.13.2/junit-4.13.2.jar:/Users/MachineVonDavid/.m2/repository/org/hamcrest/hamcrest-core/1.3/hamcrest-core-1.3.jar:/Users/MachineVonDavid/.m2/repository/com/fasterxml/jackson/dataformat/jackson-dataformat-xml/2.15.2/jackson-dataformat-xml-2.15.2.jar:/Users/MachineVonDavid/.m2/repository/com/fasterxml/jackson/core/jackson-core/2.15.2/jackson-core-2.15.2.jar:/Users/MachineVonDavid/.m2/repository/com/fasterxml/jackson/core/jackson-annotations/2.15.2/jackson-annotations-2.15.2.jar:/Users/MachineVonDavid/.m2/repository/org/codehaus/woodstox/stax2-api/4.2.1/stax2-api-4.2.1.jar:/Users/MachineVonDavid/.m2/repository/com/fasterxml/woodstox/woodstox-core/6.5.1/woodstox-core-6.5.1.jar:/Users/MachineVonDavid/.m2/repository/com/fasterxml/jackson/core/jackson-databind/2.15.2/jackson-databind-2.15.2.jar:/Users/MachineVonDavid/.m2/repository/com/fasterxml/jackson/datatype/jackson-datatype-jsr310/2.15.2/jackson-datatype-jsr310-2.15.2.jar:/Users/MachineVonDavid/.m2/repository/org/json/json/20231013/json-20231013.jar:"/>
    <property name="java.vm.vendor" value="Oracle Corporation"/>
    <property name="sun.arch.data.model" value="64"/>
    <property name="java.vendor.url" value="https://java.oracle.com/"/>
    <property name="os.name" value="Mac OS X"/>
    <property name="java.vm.specification.version" value="18"/>
    <property name="sun.java.launcher" value="SUN_STANDARD"/>
    <property name="user.country" value="GB"/>
    <property name="sun.boot.library.path" value="/Library/Java/JavaVirtualMachines/jdk-18.0.2.1.jdk/Contents/Home/lib"/>
    <property name="sun.java.command" value="/Users/MachineVonDavid/Desktop/ILP/CW1/ilp/target/surefire/surefirebooter250293304198528276.jar /Users/MachineVonDavid/Desktop/ILP/CW1/ilp/target/surefire 2023-12-03T19-33-44_926-jvmRun1 surefire1502428271816943645tmp surefire_09000790344631490196tmp"/>
    <property name="jdk.debug" value="release"/>
    <property name="surefire.test.class.path" value="/Users/MachineVonDavid/Desktop/ILP/CW1/ilp/target/test-classes:/Users/MachineVonDavid/Desktop/ILP/CW1/ilp/target/classes:/Users/MachineVonDavid/.m2/repository/junit/junit/4.13.2/junit-4.13.2.jar:/Users/MachineVonDavid/.m2/repository/org/hamcrest/hamcrest-core/1.3/hamcrest-core-1.3.jar:/Users/MachineVonDavid/.m2/repository/com/fasterxml/jackson/dataformat/jackson-dataformat-xml/2.15.2/jackson-dataformat-xml-2.15.2.jar:/Users/MachineVonDavid/.m2/repository/com/fasterxml/jackson/core/jackson-core/2.15.2/jackson-core-2.15.2.jar:/Users/MachineVonDavid/.m2/repository/com/fasterxml/jackson/core/jackson-annotations/2.15.2/jackson-annotations-2.15.2.jar:/Users/MachineVonDavid/.m2/repository/org/codehaus/woodstox/stax2-api/4.2.1/stax2-api-4.2.1.jar:/Users/MachineVonDavid/.m2/repository/com/fasterxml/woodstox/woodstox-core/6.5.1/woodstox-core-6.5.1.jar:/Users/MachineVonDavid/.m2/repository/com/fasterxml/jackson/core/jackson-databind/2.15.2/jackson-databind-2.15.2.jar:/Users/MachineVonDavid/.m2/repository/com/fasterxml/jackson/datatype/jackson-datatype-jsr310/2.15.2/jackson-datatype-jsr310-2.15.2.jar:/Users/MachineVonDavid/.m2/repository/org/json/json/20231013/json-20231013.jar:"/>
    <property name="sun.cpu.endian" value="little"/>
    <property name="user.home" value="/Users/MachineVonDavid"/>
    <property name="user.language" value="en"/>
    <property name="java.specification.vendor" value="Oracle Corporation"/>
    <property name="java.version.date" value="2022-08-18"/>
    <property name="java.home" value="/Library/Java/JavaVirtualMachines/jdk-18.0.2.1.jdk/Contents/Home"/>
    <property name="file.separator" value="/"/>
    <property name="basedir" value="/Users/MachineVonDavid/Desktop/ILP/CW1/ilp"/>
    <property name="java.vm.compressedOopsMode" value="Zero based"/>
    <property name="line.separator" value="&#10;"/>
    <property name="java.vm.specification.vendor" value="Oracle Corporation"/>
    <property name="java.specification.name" value="Java Platform API Specification"/>
    <property name="apple.awt.application.name" value="ForkedBooter"/>
    <property name="surefire.real.class.path" value="/Users/MachineVonDavid/Desktop/ILP/CW1/ilp/target/surefire/surefirebooter250293304198528276.jar"/>
    <property name="sun.management.compiler" value="HotSpot 64-Bit Tiered Compilers"/>
    <property name="java.runtime.version" value="18.0.2.1+1-1"/>
    <property name="user.name" value="MachineVonDavid"/>
    <property name="path.separator" value=":"/>
    <property name="os.version" value="14.0"/>
    <property name="java.runtime.name" value="Java(TM) SE Runtime Environment"/>
    <property name="file.encoding" value="UTF-8"/>
    <property name="java.vm.name" value="Java HotSpot(TM) 64-Bit Server VM"/>
    <property name="localRepository" value="/Users/MachineVonDavid/.m2/repository"/>
    <property name="java.vendor.url.bug" value="https://bugreport.java.com/bugreport/"/>
    <property name="java.io.tmpdir" value="/var/folders/lx/40wsvh8n02x45lvp0h1x6pv40000gn/T/"/>
    <property name="idea.version" value="2023.2.5"/>
    <property name="java.version" value="18.0.2.1"/>
    <property name="user.dir" value="/Users/MachineVonDavid/Desktop/ILP/CW1/ilp"/>
    <property name="os.arch" value="aarch64"/>
    <property name="java.vm.specification.name" value="Java Virtual Machine Specification"/>
    <property name="native.encoding" value="UTF-8"/>
    <property name="java.library.path" value="/Users/MachineVonDavid/Library/Java/Extensions:/Library/Java/Extensions:/Network/Library/Java/Extensions:/System/Library/Java/Extensions:/usr/lib/java:."/>
    <property name="java.vm.info" value="mixed mode, sharing"/>
    <property name="java.vendor" value="Oracle Corporation"/>
    <property name="java.vm.version" value="18.0.2.1+1-1"/>
    <property name="sun.io.unicode.encoding" value="UnicodeBig"/>
    <property name="java.class.version" value="62.0"/>
  </properties>
  <testcase name="deliveryTest" classname="uk.ac.ed.inf.FlightPathTest" time="0">
    <error message="uk/ac/ed/inf/ilp/interfaces/LngLatHandling" type="java.lang.NoClassDefFoundError"><![CDATA[java.lang.NoClassDefFoundError: uk/ac/ed/inf/ilp/interfaces/LngLatHandling
	at uk.ac.ed.inf.FlightPathTest.<init>(FlightPathTest.java:17)
Caused by: java.lang.ClassNotFoundException: uk.ac.ed.inf.ilp.interfaces.LngLatHandling
	at uk.ac.ed.inf.FlightPathTest.<init>(FlightPathTest.java:17)
]]></error>
  </testcase>
  <testcase name="deliverDay" classname="uk.ac.ed.inf.FlightPathTest" time="0">
    <error message="uk/ac/ed/inf/ilp/interfaces/LngLatHandling" type="java.lang.NoClassDefFoundError"><![CDATA[java.lang.NoClassDefFoundError: uk/ac/ed/inf/ilp/interfaces/LngLatHandling
	at uk.ac.ed.inf.FlightPathTest.<init>(FlightPathTest.java:17)
Caused by: java.lang.ClassNotFoundException: uk.ac.ed.inf.ilp.interfaces.LngLatHandling
	at uk.ac.ed.inf.FlightPathTest.<init>(FlightPathTest.java:17)
]]></error>
  </testcase>
</testsuite>